C51 COMPILER V9.60.7.0   MAIN                                                              07/08/2025 18:22:22 PAGE 1   


C51 COMPILER V9.60.7.0, COMPILATION OF MODULE MAIN
OBJECT MODULE PLACED IN .\Objects\main.obj
COMPILER INVOKED BY: C:\Keil_v5\C51\BIN\C51.EXE main.c OPTIMIZE(8,SPEED) BROWSE DEBUG OBJECTEXTEND PRINT(.\Listings\main
                    -.lst) TABS(2) OBJECT(.\Objects\main.obj)

line level    source

   1          #include <REGX51.H>  // AT89C51 header file
   2          
   3          void main() {
   4   1          // Configure Ports
   5   1          P0 = 0xFF;  // Make P0 inputs (especially P0.0)
   6   1          P2 = 0xFF;  // Optional: Initialize P2 output (all HIGH)
   7   1      
   8   1          while (1) {
   9   2              if (P0_0 == 0) {   // Button pressed (assuming active LOW)
  10   3                  P2_0 = 0;      // LED ON (active LOW connection)
  11   3              } else {
  12   3                  P2_0 = 1;      // LED OFF
  13   3              }
  14   2          }
  15   1      }


MODULE INFORMATION:   STATIC OVERLAYABLE
   CODE SIZE        =     17    ----
   CONSTANT SIZE    =   ----    ----
   XDATA SIZE       =   ----    ----
   PDATA SIZE       =   ----    ----
   DATA SIZE        =   ----    ----
   IDATA SIZE       =   ----    ----
   BIT SIZE         =   ----    ----
END OF MODULE INFORMATION.


C51 COMPILATION COMPLETE.  0 WARNING(S),  0 ERROR(S)
